<?xml version="1.0" encoding="UTF-8"?>
<testng-results skipped="0" failed="0" total="1" passed="1">
  <reporter-output>
  </reporter-output>
  <suite name="Default suite" duration-ms="41" started-at="2013-03-17T05:30:32Z" finished-at="2013-03-17T05:30:32Z">
    <groups>
    </groups>
    <test name="Default test" duration-ms="41" started-at="2013-03-17T05:30:32Z" finished-at="2013-03-17T05:30:32Z">
      <class name="oneshore.greeter.GreetingTests">
        <test-method status="PASS" signature="testGreetingAustralia()[pri:0, instance:oneshore.greeter.GreetingTests@4e5394c]" name="testGreetingAustralia" duration-ms="28" started-at="2013-03-17T05:30:32Z" finished-at="2013-03-17T05:30:32Z">
        </test-method> <!-- testGreetingAustralia -->
      </class> <!-- oneshore.greeter.GreetingTests -->
    </test> <!-- Default test -->
  </suite> <!-- Default suite -->
</testng-results>
